<?xml version="1.0" encoding="UTF-8"?>
<!-- Generated by org.testng.reporters.JUnitXMLReporter -->
<testsuite ignored="3" hostname="DESKTOP-P0TR51Q" failures="0" tests="1" name="Default test" time="7.012" errors="0" timestamp="2025-03-27T13:06:56 IST">
  <testcase classname="com.testing.LaunchUrl" name="collectingAListOfElements" time="6.914"/>
  <testcase classname="com.testing.LaunchUrl" name="getYoutubeTitles" time="0.0">
    <ignored/>
  </testcase> <!-- getYoutubeTitles -->
  <testcase classname="com.testing.LaunchUrl" name="launchUrl" time="0.0">
    <ignored/>
  </testcase> <!-- launchUrl -->
  <testcase classname="com.testing.LaunchUrl" name="youTube" time="0.0">
    <ignored/>
  </testcase> <!-- youTube -->
</testsuite> <!-- Default test -->
