<?xml version="1.0" encoding="UTF-8"?>
<testng-results ignored="3" total="4" passed="1" failed="0" skipped="0">
  <reporter-output>
  </reporter-output>
  <suite started-at="2025-03-27T13:06:49 IST" name="Default suite" finished-at="2025-03-27T13:06:56 IST" duration-ms="7012">
    <groups>
    </groups>
    <test started-at="2025-03-27T13:06:49 IST" name="Default test" finished-at="2025-03-27T13:06:56 IST" duration-ms="7012">
      <class name="com.testing.LaunchUrl">
        <test-method is-config="true" signature="initiate()[pri:0, instance:com.testing.LaunchUrl@3e598df9]" started-at="2025-03-27T13:06:49 IST" name="initiate" finished-at="2025-03-27T13:06:49 IST" duration-ms="67" status="PASS">
          <reporter-output>
          </reporter-output>
        </test-method> <!-- initiate -->
        <test-method signature="collectingAListOfElements()[pri:0, instance:com.testing.LaunchUrl@3e598df9]" started-at="2025-03-27T13:06:49 IST" name="collectingAListOfElements" finished-at="2025-03-27T13:06:56 IST" duration-ms="6914" status="PASS">
          <reporter-output>
          </reporter-output>
        </test-method> <!-- collectingAListOfElements -->
        <test-method is-config="true" signature="tearDown()[pri:0, instance:com.testing.LaunchUrl@3e598df9]" started-at="2025-03-27T13:06:56 IST" name="tearDown" finished-at="2025-03-27T13:06:56 IST" duration-ms="1" status="PASS">
          <reporter-output>
          </reporter-output>
        </test-method> <!-- tearDown -->
      </class> <!-- com.testing.LaunchUrl -->
    </test> <!-- Default test -->
  </suite> <!-- Default suite -->
</testng-results>
